#!/bin/bash
#SBATCH --nodes=1               # number of nodes
#SBATCH --ntasks-per-node=4     # number of tasks per node
#SBATCH --ntasks-per-socket=2   # number of tasks per socket
#SBATCH --cpus-per-task=32      # number of HW threads per task (equal to OMP_NUM_THREADS*4)
#SBATCH --mem=230000MB
#SBATCH --time 01:00:00         # format: HH:MM:SS
#SBATCH -A cin_preM100 
#SBATCH -p system

cat run_me.sh

module load profile/global pgi/19.10--binary gnu/8.4.0 fftw/3.3.8--gnu--8.4.0 cuda/10.1


# PGI + Internal Blas
mpif90 -mp test.f90 -lblas -o pgi_blas.x

for i in {1..16} {18..32..2} {36..128..4}
do
    export OMP_NUM_THREADS=$i
    mpirun -np 1 --bind-to none ./pgi_blas.x 2000 2000  | tr '\n' '\t'
    echo
done 

echo '=== OpenBLAS ==='
mpif90 -mp test.f90 -o pgi_openblas.x -L./openblas/lib -lopenblas
export LD_LIBRARY_PATH=$LD_LIBRARY_PATH:`pwd`/openblas/lib

for i in {1..16} {18..32..2} {36..128..4}
do
    export OMP_NUM_THREADS=$i
    mpirun -np 1 --bind-to none ./pgi_openblas.x 2000 2000  | tr '\n' '\t'
    echo
done 

 ****Parallel Matrix Multiplication****	 Number of cores:             1	Time to create matrix:    1.186 s.	Triple do-loop with threads:    0.021 s.	Matmul(a,b):    0.000 s.	DGEMM:    0.928 s.	DGEMM AVG:    0.928 s.	
 ****Parallel Matrix Multiplication****	 Number of cores:             2	Time to create matrix:    1.190 s.	Triple do-loop with threads:    0.021 s.	Matmul(a,b):    0.000 s.	DGEMM:    0.478 s.	DGEMM AVG:    0.478 s.	
 ****Parallel Matrix Multiplication****	 Number of cores:             3	Time to create matrix:    1.183 s.	Triple do-loop with threads:    0.020 s.	Matmul(a,b):    0.000 s.	DGEMM:    0.354 s.	DGEMM AVG:    0.354 s.	
 ****Parallel Matrix Multiplication****	 Number of cores:             4	Time to create matrix:    0.932 s.	Triple do-loop with threads:    0.022 s.	Matmul(a,b):    0.000 s.	DGEMM:    0.268 s.	DGEMM AVG:    0.268 s.	
 ****Parallel Matrix Multiplication****	 Number of cores:             5	Time to create matrix:    0.916 s.	Triple do-loop with threads:    0.021 s.	Matmul(a,b):    0.000 s.	DGEMM:    0.208 s.	DGEMM AVG:    0.208 s.	
 ****Parallel Matrix Multiplication****	 Number of cores:             6	Time to create matrix:    1.154 s.	Triple do-loop with threads:    0.021 s.	Matmul(a,b):    0.000 s.	DGEMM:    0.284 s.	DGEMM AVG:    0.284 s.	
 ****Parallel Matrix Multiplication****	 Number of cores:             7	Time to create matrix:    0.894 s.	Triple do-loop with threads:    0.021 s.	Matmul(a,b):    0.000 s.	DGEMM:    0.160 s.	DGEMM AVG:    0.160 s.	
 ****Parallel Matrix Multiplication****	 Number of cores:             8	Time to create matrix:    0.917 s.	Triple do-loop with threads:    0.020 s.	Matmul(a,b):    0.000 s.	DGEMM:    0.254 s.	DGEMM AVG:    0.254 s.	
 ****Parallel Matrix Multiplication****	 Number of cores:             9	Time to create matrix:    0.898 s.	Triple do-loop with threads:    0.021 s.	Matmul(a,b):    0.000 s.	DGEMM:    0.237 s.	DGEMM AVG:    0.237 s.	
 ****Parallel Matrix Multiplication****	 Number of cores:            10	Time to create matrix:    0.916 s.	Triple do-loop with threads:    0.022 s.	Matmul(a,b):    0.000 s.	DGEMM:    0.213 s.	DGEMM AVG:    0.213 s.	
 ****Parallel Matrix Multiplication****	 Number of cores:            11	Time to create matrix:    0.911 s.	Triple do-loop with threads:    0.022 s.	Matmul(a,b):    0.000 s.	DGEMM:    0.202 s.	DGEMM AVG:    0.202 s.	
 ****Parallel Matrix Multiplication****	 Number of cores:            12	Time to create matrix:    0.891 s.	Triple do-loop with threads:    0.021 s.	Matmul(a,b):    0.000 s.	DGEMM:    0.201 s.	DGEMM AVG:    0.201 s.	
 ****Parallel Matrix Multiplication****	 Number of cores:            13	Time to create matrix:    0.919 s.	Triple do-loop with threads:    0.022 s.	Matmul(a,b):    0.000 s.	DGEMM:    0.177 s.	DGEMM AVG:    0.177 s.	
 ****Parallel Matrix Multiplication****	 Number of cores:            14	Time to create matrix:    0.892 s.	Triple do-loop with threads:    0.020 s.	Matmul(a,b):    0.000 s.	DGEMM:    0.187 s.	DGEMM AVG:    0.187 s.	
 ****Parallel Matrix Multiplication****	 Number of cores:            15	Time to create matrix:    0.914 s.	Triple do-loop with threads:    0.022 s.	Matmul(a,b):    0.000 s.	DGEMM:    0.160 s.	DGEMM AVG:    0.160 s.	
 ****Parallel Matrix Multiplication****	 Number of cores:            16	Time to create matrix:    0.920 s.	Triple do-loop with threads:    0.022 s.	Matmul(a,b):    0.000 s.	DGEMM:    0.163 s.	DGEMM AVG:    0.163 s.	
 ****Parallel Matrix Multiplication****	 Number of cores:            18	Time to create matrix:    0.894 s.	Triple do-loop with threads:    0.021 s.	Matmul(a,b):    0.000 s.	DGEMM:    0.230 s.	DGEMM AVG:    0.230 s.	
 ****Parallel Matrix Multiplication****	 Number of cores:            20	Time to create matrix:    0.919 s.	Triple do-loop with threads:    0.023 s.	Matmul(a,b):    0.000 s.	DGEMM:    0.225 s.	DGEMM AVG:    0.225 s.	
 ****Parallel Matrix Multiplication****	 Number of cores:            22	Time to create matrix:    0.890 s.	Triple do-loop with threads:    0.021 s.	Matmul(a,b):    0.000 s.	DGEMM:    0.212 s.	DGEMM AVG:    0.212 s.	
 ****Parallel Matrix Multiplication****	 Number of cores:            24	Time to create matrix:    0.920 s.	Triple do-loop with threads:    0.023 s.	Matmul(a,b):    0.000 s.	DGEMM:    0.200 s.	DGEMM AVG:    0.200 s.	
 ****Parallel Matrix Multiplication****	 Number of cores:            26	Time to create matrix:    0.934 s.	Triple do-loop with threads:    0.023 s.	Matmul(a,b):    0.000 s.	DGEMM:    0.202 s.	DGEMM AVG:    0.202 s.	
 ****Parallel Matrix Multiplication****	 Number of cores:            28	Time to create matrix:    0.894 s.	Triple do-loop with threads:    0.021 s.	Matmul(a,b):    0.000 s.	DGEMM:    0.180 s.	DGEMM AVG:    0.180 s.	
 ****Parallel Matrix Multiplication****	 Number of cores:            30	Time to create matrix:    0.894 s.	Triple do-loop with threads:    0.021 s.	Matmul(a,b):    0.000 s.	DGEMM:    0.187 s.	DGEMM AVG:    0.187 s.	
 ****Parallel Matrix Multiplication****	 Number of cores:            32	Time to create matrix:    0.921 s.	Triple do-loop with threads:    0.022 s.	Matmul(a,b):    0.000 s.	DGEMM:    0.178 s.	DGEMM AVG:    0.178 s.	
 ****Parallel Matrix Multiplication****	 Number of cores:            36	Time to create matrix:    1.168 s.	Triple do-loop with threads:    0.021 s.	Matmul(a,b):    0.000 s.	DGEMM:    0.153 s.	DGEMM AVG:    0.153 s.	
 ****Parallel Matrix Multiplication****	 Number of cores:            40	Time to create matrix:    0.899 s.	Triple do-loop with threads:    0.022 s.	Matmul(a,b):    0.000 s.	DGEMM:    0.168 s.	DGEMM AVG:    0.168 s.	
 ****Parallel Matrix Multiplication****	 Number of cores:            44	Time to create matrix:    0.894 s.	Triple do-loop with threads:    0.021 s.	Matmul(a,b):    0.000 s.	DGEMM:    0.165 s.	DGEMM AVG:    0.165 s.	
 ****Parallel Matrix Multiplication****	 Number of cores:            48	Time to create matrix:    0.920 s.	Triple do-loop with threads:    0.022 s.	Matmul(a,b):    0.000 s.	DGEMM:    0.162 s.	DGEMM AVG:    0.162 s.	
 ****Parallel Matrix Multiplication****	 Number of cores:            52	Time to create matrix:    1.172 s.	Triple do-loop with threads:    0.022 s.	Matmul(a,b):    0.000 s.	DGEMM:    0.179 s.	DGEMM AVG:    0.179 s.	
 ****Parallel Matrix Multiplication****	 Number of cores:            56	Time to create matrix:    0.894 s.	Triple do-loop with threads:    0.021 s.	Matmul(a,b):    0.000 s.	DGEMM:    0.163 s.	DGEMM AVG:    0.163 s.	
 ****Parallel Matrix Multiplication****	 Number of cores:            60	Time to create matrix:    0.917 s.	Triple do-loop with threads:    0.021 s.	Matmul(a,b):    0.000 s.	DGEMM:    0.175 s.	DGEMM AVG:    0.175 s.	
 ****Parallel Matrix Multiplication****	 Number of cores:            64	Time to create matrix:    0.915 s.	Triple do-loop with threads:    0.022 s.	Matmul(a,b):    0.000 s.	DGEMM:    0.179 s.	DGEMM AVG:    0.179 s.	
 ****Parallel Matrix Multiplication****	 Number of cores:            68	Time to create matrix:    0.916 s.	Triple do-loop with threads:    0.022 s.	Matmul(a,b):    0.000 s.	DGEMM:    0.200 s.	DGEMM AVG:    0.200 s.	
 ****Parallel Matrix Multiplication****	 Number of cores:            72	Time to create matrix:    0.894 s.	Triple do-loop with threads:    0.021 s.	Matmul(a,b):    0.000 s.	DGEMM:    0.211 s.	DGEMM AVG:    0.211 s.	
 ****Parallel Matrix Multiplication****	 Number of cores:            76	Time to create matrix:    0.918 s.	Triple do-loop with threads:    0.022 s.	Matmul(a,b):    0.000 s.	DGEMM:    0.210 s.	DGEMM AVG:    0.210 s.	
 ****Parallel Matrix Multiplication****	 Number of cores:            80	Time to create matrix:    0.916 s.	Triple do-loop with threads:    0.022 s.	Matmul(a,b):    0.000 s.	DGEMM:    0.186 s.	DGEMM AVG:    0.186 s.	
 ****Parallel Matrix Multiplication****	 Number of cores:            84	Time to create matrix:    0.895 s.	Triple do-loop with threads:    0.021 s.	Matmul(a,b):    0.000 s.	DGEMM:    0.209 s.	DGEMM AVG:    0.209 s.	
 ****Parallel Matrix Multiplication****	 Number of cores:            88	Time to create matrix:    0.898 s.	Triple do-loop with threads:    0.021 s.	Matmul(a,b):    0.000 s.	DGEMM:    0.224 s.	DGEMM AVG:    0.224 s.	
 ****Parallel Matrix Multiplication****	 Number of cores:            92	Time to create matrix:    0.898 s.	Triple do-loop with threads:    0.021 s.	Matmul(a,b):    0.000 s.	DGEMM:    0.206 s.	DGEMM AVG:    0.206 s.	
 ****Parallel Matrix Multiplication****	 Number of cores:            96	Time to create matrix:    0.897 s.	Triple do-loop with threads:    0.022 s.	Matmul(a,b):    0.000 s.	DGEMM:    0.189 s.	DGEMM AVG:    0.189 s.	
 ****Parallel Matrix Multiplication****	 Number of cores:           100	Time to create matrix:    0.895 s.	Triple do-loop with threads:    0.021 s.	Matmul(a,b):    0.000 s.	DGEMM:    0.201 s.	DGEMM AVG:    0.201 s.	
 ****Parallel Matrix Multiplication****	 Number of cores:           104	Time to create matrix:    0.922 s.	Triple do-loop with threads:    0.023 s.	Matmul(a,b):    0.000 s.	DGEMM:    0.232 s.	DGEMM AVG:    0.232 s.	
 ****Parallel Matrix Multiplication****	 Number of cores:           108	Time to create matrix:    0.898 s.	Triple do-loop with threads:    0.022 s.	Matmul(a,b):    0.000 s.	DGEMM:    0.259 s.	DGEMM AVG:    0.259 s.	
 ****Parallel Matrix Multiplication****	 Number of cores:           112	Time to create matrix:    0.918 s.	Triple do-loop with threads:    0.022 s.	Matmul(a,b):    0.000 s.	DGEMM:    0.194 s.	DGEMM AVG:    0.194 s.	
 ****Parallel Matrix Multiplication****	 Number of cores:           116	Time to create matrix:    0.895 s.	Triple do-loop with threads:    0.022 s.	Matmul(a,b):    0.000 s.	DGEMM:    0.235 s.	DGEMM AVG:    0.235 s.	
 ****Parallel Matrix Multiplication****	 Number of cores:           120	Time to create matrix:    0.914 s.	Triple do-loop with threads:    0.022 s.	Matmul(a,b):    0.000 s.	DGEMM:    0.252 s.	DGEMM AVG:    0.252 s.	
 ****Parallel Matrix Multiplication****	 Number of cores:           124	Time to create matrix:    0.896 s.	Triple do-loop with threads:    0.022 s.	Matmul(a,b):    0.000 s.	DGEMM:    0.244 s.	DGEMM AVG:    0.244 s.	
 ****Parallel Matrix Multiplication****	 Number of cores:           128	Time to create matrix:    0.899 s.	Triple do-loop with threads:    0.022 s.	Matmul(a,b):    0.000 s.	DGEMM:    0.225 s.	DGEMM AVG:    0.225 s.	
=== OpenBLAS ===
 ****Parallel Matrix Multiplication****	 Number of cores:             1	Time to create matrix:    1.099 s.	Triple do-loop with threads:    0.021 s.	Matmul(a,b):    0.000 s.	DGEMM:    0.712 s.	DGEMM AVG:    0.712 s.	
 ****Parallel Matrix Multiplication****	 Number of cores:             2	Time to create matrix:    1.183 s.	Triple do-loop with threads:    0.022 s.	Matmul(a,b):    0.000 s.	DGEMM:    0.372 s.	DGEMM AVG:    0.372 s.	
 ****Parallel Matrix Multiplication****	 Number of cores:             3	Time to create matrix:    1.188 s.	Triple do-loop with threads:    0.022 s.	Matmul(a,b):    0.000 s.	DGEMM:    0.259 s.	DGEMM AVG:    0.259 s.	
 ****Parallel Matrix Multiplication****	 Number of cores:             4	Time to create matrix:    1.195 s.	Triple do-loop with threads:    0.022 s.	Matmul(a,b):    0.000 s.	DGEMM:    0.200 s.	DGEMM AVG:    0.200 s.	
 ****Parallel Matrix Multiplication****	 Number of cores:             5	Time to create matrix:    1.193 s.	Triple do-loop with threads:    0.021 s.	Matmul(a,b):    0.000 s.	DGEMM:    0.165 s.	DGEMM AVG:    0.165 s.	
 ****Parallel Matrix Multiplication****	 Number of cores:             6	Time to create matrix:    0.887 s.	Triple do-loop with threads:    0.021 s.	Matmul(a,b):    0.000 s.	DGEMM:    0.149 s.	DGEMM AVG:    0.149 s.	
 ****Parallel Matrix Multiplication****	 Number of cores:             7	Time to create matrix:    0.884 s.	Triple do-loop with threads:    0.021 s.	Matmul(a,b):    0.000 s.	DGEMM:    0.134 s.	DGEMM AVG:    0.134 s.	
 ****Parallel Matrix Multiplication****	 Number of cores:             8	Time to create matrix:    1.133 s.	Triple do-loop with threads:    0.021 s.	Matmul(a,b):    0.000 s.	DGEMM:    0.118 s.	DGEMM AVG:    0.118 s.	
 ****Parallel Matrix Multiplication****	 Number of cores:             9	Time to create matrix:    0.925 s.	Triple do-loop with threads:    0.022 s.	Matmul(a,b):    0.000 s.	DGEMM:    0.115 s.	DGEMM AVG:    0.115 s.	
 ****Parallel Matrix Multiplication****	 Number of cores:            10	Time to create matrix:    0.932 s.	Triple do-loop with threads:    0.023 s.	Matmul(a,b):    0.000 s.	DGEMM:    0.104 s.	DGEMM AVG:    0.104 s.	
 ****Parallel Matrix Multiplication****	 Number of cores:            11	Time to create matrix:    0.971 s.	Triple do-loop with threads:    0.022 s.	Matmul(a,b):    0.000 s.	DGEMM:    0.103 s.	DGEMM AVG:    0.103 s.	
 ****Parallel Matrix Multiplication****	 Number of cores:            12	Time to create matrix:    0.933 s.	Triple do-loop with threads:    0.021 s.	Matmul(a,b):    0.000 s.	DGEMM:    0.099 s.	DGEMM AVG:    0.099 s.	
 ****Parallel Matrix Multiplication****	 Number of cores:            13	Time to create matrix:    0.933 s.	Triple do-loop with threads:    0.021 s.	Matmul(a,b):    0.000 s.	DGEMM:    0.148 s.	DGEMM AVG:    0.148 s.	
 ****Parallel Matrix Multiplication****	 Number of cores:            14	Time to create matrix:    0.932 s.	Triple do-loop with threads:    0.022 s.	Matmul(a,b):    0.000 s.	DGEMM:    0.145 s.	DGEMM AVG:    0.145 s.	
 ****Parallel Matrix Multiplication****	 Number of cores:            15	Time to create matrix:    1.147 s.	Triple do-loop with threads:    0.022 s.	Matmul(a,b):    0.000 s.	DGEMM:    0.136 s.	DGEMM AVG:    0.136 s.	
 ****Parallel Matrix Multiplication****	 Number of cores:            16	Time to create matrix:    0.892 s.	Triple do-loop with threads:    0.021 s.	Matmul(a,b):    0.000 s.	DGEMM:    0.135 s.	DGEMM AVG:    0.135 s.	
 ****Parallel Matrix Multiplication****	 Number of cores:            18	Time to create matrix:    0.983 s.	Triple do-loop with threads:    0.022 s.	Matmul(a,b):    0.000 s.	DGEMM:    0.148 s.	DGEMM AVG:    0.148 s.	
 ****Parallel Matrix Multiplication****	 Number of cores:            20	Time to create matrix:    0.887 s.	Triple do-loop with threads:    0.021 s.	Matmul(a,b):    0.000 s.	DGEMM:    0.188 s.	DGEMM AVG:    0.188 s.	
 ****Parallel Matrix Multiplication****	 Number of cores:            22	Time to create matrix:    0.931 s.	Triple do-loop with threads:    0.023 s.	Matmul(a,b):    0.000 s.	DGEMM:    0.179 s.	DGEMM AVG:    0.179 s.	
 ****Parallel Matrix Multiplication****	 Number of cores:            24	Time to create matrix:    1.071 s.	Triple do-loop with threads:    0.021 s.	Matmul(a,b):    0.000 s.	DGEMM:    0.166 s.	DGEMM AVG:    0.166 s.	
 ****Parallel Matrix Multiplication****	 Number of cores:            26	Time to create matrix:    1.145 s.	Triple do-loop with threads:    0.021 s.	Matmul(a,b):    0.000 s.	DGEMM:    0.162 s.	DGEMM AVG:    0.162 s.	
 ****Parallel Matrix Multiplication****	 Number of cores:            28	Time to create matrix:    1.188 s.	Triple do-loop with threads:    0.022 s.	Matmul(a,b):    0.000 s.	DGEMM:    0.154 s.	DGEMM AVG:    0.154 s.	
 ****Parallel Matrix Multiplication****	 Number of cores:            30	Time to create matrix:    1.129 s.	Triple do-loop with threads:    0.021 s.	Matmul(a,b):    0.000 s.	DGEMM:    0.149 s.	DGEMM AVG:    0.149 s.	
 ****Parallel Matrix Multiplication****	 Number of cores:            32	Time to create matrix:    0.944 s.	Triple do-loop with threads:    0.022 s.	Matmul(a,b):    0.000 s.	DGEMM:    0.166 s.	DGEMM AVG:    0.166 s.	
 ****Parallel Matrix Multiplication****	 Number of cores:            36	Time to create matrix:    0.926 s.	Triple do-loop with threads:    0.023 s.	Matmul(a,b):    0.000 s.	DGEMM:    0.148 s.	DGEMM AVG:    0.148 s.	
 ****Parallel Matrix Multiplication****	 Number of cores:            40	Time to create matrix:    0.933 s.	Triple do-loop with threads:    0.021 s.	Matmul(a,b):    0.000 s.	DGEMM:    0.141 s.	DGEMM AVG:    0.141 s.	
 ****Parallel Matrix Multiplication****	 Number of cores:            44	Time to create matrix:    0.891 s.	Triple do-loop with threads:    0.021 s.	Matmul(a,b):    0.000 s.	DGEMM:    0.255 s.	DGEMM AVG:    0.255 s.	
 ****Parallel Matrix Multiplication****	 Number of cores:            48	Time to create matrix:    1.188 s.	Triple do-loop with threads:    0.021 s.	Matmul(a,b):    0.000 s.	DGEMM:    0.114 s.	DGEMM AVG:    0.114 s.	
 ****Parallel Matrix Multiplication****	 Number of cores:            52	Time to create matrix:    1.188 s.	Triple do-loop with threads:    0.021 s.	Matmul(a,b):    0.000 s.	DGEMM:    0.163 s.	DGEMM AVG:    0.163 s.	
 ****Parallel Matrix Multiplication****	 Number of cores:            56	Time to create matrix:    0.889 s.	Triple do-loop with threads:    0.022 s.	Matmul(a,b):    0.000 s.	DGEMM:    0.220 s.	DGEMM AVG:    0.220 s.	
 ****Parallel Matrix Multiplication****	 Number of cores:            60	Time to create matrix:    1.150 s.	Triple do-loop with threads:    0.021 s.	Matmul(a,b):    0.000 s.	DGEMM:    0.365 s.	DGEMM AVG:    0.365 s.	
 ****Parallel Matrix Multiplication****	 Number of cores:            64	Time to create matrix:    0.932 s.	Triple do-loop with threads:    0.023 s.	Matmul(a,b):    0.000 s.	DGEMM:    0.370 s.	DGEMM AVG:    0.370 s.	
 ****Parallel Matrix Multiplication****	 Number of cores:            68	Time to create matrix:    1.194 s.	Triple do-loop with threads:    0.022 s.	Matmul(a,b):    0.000 s.	DGEMM:    0.326 s.	DGEMM AVG:    0.326 s.	
 ****Parallel Matrix Multiplication****	 Number of cores:            72	Time to create matrix:    0.927 s.	Triple do-loop with threads:    0.023 s.	Matmul(a,b):    0.000 s.	DGEMM:    0.281 s.	DGEMM AVG:    0.281 s.	
 ****Parallel Matrix Multiplication****	 Number of cores:            76	Time to create matrix:    1.187 s.	Triple do-loop with threads:    0.022 s.	Matmul(a,b):    0.000 s.	DGEMM:    0.314 s.	DGEMM AVG:    0.314 s.	
 ****Parallel Matrix Multiplication****	 Number of cores:            80	Time to create matrix:    0.886 s.	Triple do-loop with threads:    0.021 s.	Matmul(a,b):    0.000 s.	DGEMM:    0.388 s.	DGEMM AVG:    0.388 s.	
 ****Parallel Matrix Multiplication****	 Number of cores:            84	Time to create matrix:    0.913 s.	Triple do-loop with threads:    0.022 s.	Matmul(a,b):    0.000 s.	DGEMM:    0.384 s.	DGEMM AVG:    0.384 s.	
 ****Parallel Matrix Multiplication****	 Number of cores:            88	Time to create matrix:    1.052 s.	Triple do-loop with threads:    0.021 s.	Matmul(a,b):    0.000 s.	DGEMM:    0.403 s.	DGEMM AVG:    0.403 s.	
 ****Parallel Matrix Multiplication****	 Number of cores:            92	Time to create matrix:    0.892 s.	Triple do-loop with threads:    0.022 s.	Matmul(a,b):    0.000 s.	DGEMM:    0.345 s.	DGEMM AVG:    0.345 s.	
 ****Parallel Matrix Multiplication****	 Number of cores:            96	Time to create matrix:    1.196 s.	Triple do-loop with threads:    0.021 s.	Matmul(a,b):    0.000 s.	DGEMM:    0.408 s.	DGEMM AVG:    0.408 s.	
 ****Parallel Matrix Multiplication****	 Number of cores:           100	Time to create matrix:    1.193 s.	Triple do-loop with threads:    0.022 s.	Matmul(a,b):    0.000 s.	DGEMM:    0.331 s.	DGEMM AVG:    0.331 s.	
 ****Parallel Matrix Multiplication****	 Number of cores:           104	Time to create matrix:    1.197 s.	Triple do-loop with threads:    0.022 s.	Matmul(a,b):    0.000 s.	DGEMM:    0.538 s.	DGEMM AVG:    0.538 s.	
 ****Parallel Matrix Multiplication****	 Number of cores:           108	Time to create matrix:    1.193 s.	Triple do-loop with threads:    0.022 s.	Matmul(a,b):    0.000 s.	DGEMM:    0.384 s.	DGEMM AVG:    0.384 s.	
 ****Parallel Matrix Multiplication****	 Number of cores:           112	Time to create matrix:    1.186 s.	Triple do-loop with threads:    0.021 s.	Matmul(a,b):    0.000 s.	DGEMM:    0.409 s.	DGEMM AVG:    0.409 s.	
 ****Parallel Matrix Multiplication****	 Number of cores:           116	Time to create matrix:    1.082 s.	Triple do-loop with threads:    0.023 s.	Matmul(a,b):    0.000 s.	DGEMM:    0.437 s.	DGEMM AVG:    0.437 s.	
 ****Parallel Matrix Multiplication****	 Number of cores:           120	Time to create matrix:    1.183 s.	Triple do-loop with threads:    0.022 s.	Matmul(a,b):    0.000 s.	DGEMM:    0.381 s.	DGEMM AVG:    0.381 s.	
 ****Parallel Matrix Multiplication****	 Number of cores:           124	Time to create matrix:    0.995 s.	Triple do-loop with threads:    0.022 s.	Matmul(a,b):    0.000 s.	DGEMM:    0.561 s.	DGEMM AVG:    0.561 s.	
 ****Parallel Matrix Multiplication****	 Number of cores:           128	Time to create matrix:    1.188 s.	Triple do-loop with threads:    0.021 s.	Matmul(a,b):    0.000 s.	DGEMM:    0.488 s.	DGEMM AVG:    0.488 s.	
