#!/bin/bash
#SBATCH --nodes=1               # number of nodes
#SBATCH --ntasks-per-node=4     # number of tasks per node
#SBATCH --ntasks-per-socket=2   # number of tasks per socket
#SBATCH --cpus-per-task=32      # number of HW threads per task (equal to OMP_NUM_THREADS*4)
#SBATCH --mem=230000MB
#SBATCH --time 01:00:00         # format: HH:MM:SS
#SBATCH -A cin_preM100 
#SBATCH -p system

cat run_me.sh

module load profile/global pgi/19.10--binary gnu/8.4.0 fftw/3.3.8--gnu--8.4.0 cuda/10.1


# PGI + Internal Blas
mpif90 -mp test.f90 -lblas -o pgi_blas.x

for i in {1..16} {18..32..2} {36..128..4}
do
    export OMP_NUM_THREADS=$i
    mpirun -np 1 --bind-to none  ./pgi_blas.x 2000 2000  | tr '\n' '\t'
    echo
done 

echo '=== OpenBLAS ==='
mpif90 -mp test.f90 -o pgi_openblas.x -L./openblas/lib -lopenblas
export LD_LIBRARY_PATH=$LD_LIBRARY_PATH:`pwd`/openblas/lib

for i in {1..16} {18..32..2} {36..128..4}
do
    export OMP_NUM_THREADS=$i
    mpirun -np 1 --bind-to none ./pgi_openblas.x 2000 2000  | tr '\n' '\t'
    echo
done 

 ****Parallel Matrix Multiplication****	 Number of cores:             1	Time to create matrix:    1.192 s.	Triple do-loop with threads:    0.020 s.	Matmul(a,b):    0.000 s.	DGEMM:    0.927 s.	DGEMM AVG:    0.927 s.	
 ****Parallel Matrix Multiplication****	 Number of cores:             2	Time to create matrix:    0.912 s.	Triple do-loop with threads:    0.021 s.	Matmul(a,b):    0.000 s.	DGEMM:    0.479 s.	DGEMM AVG:    0.479 s.	
 ****Parallel Matrix Multiplication****	 Number of cores:             3	Time to create matrix:    0.927 s.	Triple do-loop with threads:    0.022 s.	Matmul(a,b):    0.000 s.	DGEMM:    0.330 s.	DGEMM AVG:    0.330 s.	
 ****Parallel Matrix Multiplication****	 Number of cores:             4	Time to create matrix:    0.920 s.	Triple do-loop with threads:    0.022 s.	Matmul(a,b):    0.000 s.	DGEMM:    0.417 s.	DGEMM AVG:    0.417 s.	
 ****Parallel Matrix Multiplication****	 Number of cores:             5	Time to create matrix:    1.185 s.	Triple do-loop with threads:    0.020 s.	Matmul(a,b):    0.000 s.	DGEMM:    0.315 s.	DGEMM AVG:    0.315 s.	
 ****Parallel Matrix Multiplication****	 Number of cores:             6	Time to create matrix:    0.914 s.	Triple do-loop with threads:    0.021 s.	Matmul(a,b):    0.000 s.	DGEMM:    0.289 s.	DGEMM AVG:    0.289 s.	
 ****Parallel Matrix Multiplication****	 Number of cores:             7	Time to create matrix:    0.918 s.	Triple do-loop with threads:    0.022 s.	Matmul(a,b):    0.000 s.	DGEMM:    0.260 s.	DGEMM AVG:    0.260 s.	
 ****Parallel Matrix Multiplication****	 Number of cores:             8	Time to create matrix:    0.892 s.	Triple do-loop with threads:    0.021 s.	Matmul(a,b):    0.000 s.	DGEMM:    0.254 s.	DGEMM AVG:    0.254 s.	
 ****Parallel Matrix Multiplication****	 Number of cores:             9	Time to create matrix:    0.917 s.	Triple do-loop with threads:    0.020 s.	Matmul(a,b):    0.000 s.	DGEMM:    0.237 s.	DGEMM AVG:    0.237 s.	
 ****Parallel Matrix Multiplication****	 Number of cores:            10	Time to create matrix:    0.917 s.	Triple do-loop with threads:    0.021 s.	Matmul(a,b):    0.000 s.	DGEMM:    0.211 s.	DGEMM AVG:    0.211 s.	
 ****Parallel Matrix Multiplication****	 Number of cores:            11	Time to create matrix:    0.918 s.	Triple do-loop with threads:    0.022 s.	Matmul(a,b):    0.000 s.	DGEMM:    0.190 s.	DGEMM AVG:    0.190 s.	
 ****Parallel Matrix Multiplication****	 Number of cores:            12	Time to create matrix:    0.917 s.	Triple do-loop with threads:    0.022 s.	Matmul(a,b):    0.000 s.	DGEMM:    0.189 s.	DGEMM AVG:    0.189 s.	
 ****Parallel Matrix Multiplication****	 Number of cores:            13	Time to create matrix:    0.898 s.	Triple do-loop with threads:    0.021 s.	Matmul(a,b):    0.000 s.	DGEMM:    0.188 s.	DGEMM AVG:    0.188 s.	
 ****Parallel Matrix Multiplication****	 Number of cores:            14	Time to create matrix:    0.916 s.	Triple do-loop with threads:    0.022 s.	Matmul(a,b):    0.000 s.	DGEMM:    0.245 s.	DGEMM AVG:    0.245 s.	
 ****Parallel Matrix Multiplication****	 Number of cores:            15	Time to create matrix:    0.895 s.	Triple do-loop with threads:    0.020 s.	Matmul(a,b):    0.000 s.	DGEMM:    0.255 s.	DGEMM AVG:    0.255 s.	
 ****Parallel Matrix Multiplication****	 Number of cores:            16	Time to create matrix:    0.917 s.	Triple do-loop with threads:    0.022 s.	Matmul(a,b):    0.000 s.	DGEMM:    0.153 s.	DGEMM AVG:    0.153 s.	
 ****Parallel Matrix Multiplication****	 Number of cores:            18	Time to create matrix:    0.893 s.	Triple do-loop with threads:    0.020 s.	Matmul(a,b):    0.000 s.	DGEMM:    0.232 s.	DGEMM AVG:    0.232 s.	
 ****Parallel Matrix Multiplication****	 Number of cores:            20	Time to create matrix:    0.918 s.	Triple do-loop with threads:    0.020 s.	Matmul(a,b):    0.000 s.	DGEMM:    0.216 s.	DGEMM AVG:    0.216 s.	
 ****Parallel Matrix Multiplication****	 Number of cores:            22	Time to create matrix:    0.916 s.	Triple do-loop with threads:    0.021 s.	Matmul(a,b):    0.000 s.	DGEMM:    0.146 s.	DGEMM AVG:    0.146 s.	
 ****Parallel Matrix Multiplication****	 Number of cores:            24	Time to create matrix:    0.916 s.	Triple do-loop with threads:    0.021 s.	Matmul(a,b):    0.000 s.	DGEMM:    0.199 s.	DGEMM AVG:    0.199 s.	
 ****Parallel Matrix Multiplication****	 Number of cores:            26	Time to create matrix:    1.139 s.	Triple do-loop with threads:    0.021 s.	Matmul(a,b):    0.000 s.	DGEMM:    0.184 s.	DGEMM AVG:    0.184 s.	
 ****Parallel Matrix Multiplication****	 Number of cores:            28	Time to create matrix:    0.897 s.	Triple do-loop with threads:    0.020 s.	Matmul(a,b):    0.000 s.	DGEMM:    0.179 s.	DGEMM AVG:    0.179 s.	
 ****Parallel Matrix Multiplication****	 Number of cores:            30	Time to create matrix:    0.891 s.	Triple do-loop with threads:    0.021 s.	Matmul(a,b):    0.000 s.	DGEMM:    0.174 s.	DGEMM AVG:    0.174 s.	
 ****Parallel Matrix Multiplication****	 Number of cores:            32	Time to create matrix:    0.900 s.	Triple do-loop with threads:    0.021 s.	Matmul(a,b):    0.000 s.	DGEMM:    0.182 s.	DGEMM AVG:    0.182 s.	
 ****Parallel Matrix Multiplication****	 Number of cores:            36	Time to create matrix:    0.892 s.	Triple do-loop with threads:    0.021 s.	Matmul(a,b):    0.000 s.	DGEMM:    0.165 s.	DGEMM AVG:    0.165 s.	
 ****Parallel Matrix Multiplication****	 Number of cores:            40	Time to create matrix:    0.899 s.	Triple do-loop with threads:    0.022 s.	Matmul(a,b):    0.000 s.	DGEMM:    0.168 s.	DGEMM AVG:    0.168 s.	
 ****Parallel Matrix Multiplication****	 Number of cores:            44	Time to create matrix:    0.922 s.	Triple do-loop with threads:    0.023 s.	Matmul(a,b):    0.000 s.	DGEMM:    0.165 s.	DGEMM AVG:    0.165 s.	
 ****Parallel Matrix Multiplication****	 Number of cores:            48	Time to create matrix:    0.894 s.	Triple do-loop with threads:    0.021 s.	Matmul(a,b):    0.000 s.	DGEMM:    0.157 s.	DGEMM AVG:    0.157 s.	
 ****Parallel Matrix Multiplication****	 Number of cores:            52	Time to create matrix:    0.921 s.	Triple do-loop with threads:    0.023 s.	Matmul(a,b):    0.000 s.	DGEMM:    0.178 s.	DGEMM AVG:    0.178 s.	
 ****Parallel Matrix Multiplication****	 Number of cores:            56	Time to create matrix:    0.901 s.	Triple do-loop with threads:    0.022 s.	Matmul(a,b):    0.000 s.	DGEMM:    0.160 s.	DGEMM AVG:    0.160 s.	
 ****Parallel Matrix Multiplication****	 Number of cores:            60	Time to create matrix:    0.913 s.	Triple do-loop with threads:    0.022 s.	Matmul(a,b):    0.000 s.	DGEMM:    0.189 s.	DGEMM AVG:    0.189 s.	
 ****Parallel Matrix Multiplication****	 Number of cores:            64	Time to create matrix:    0.918 s.	Triple do-loop with threads:    0.022 s.	Matmul(a,b):    0.000 s.	DGEMM:    0.204 s.	DGEMM AVG:    0.204 s.	
 ****Parallel Matrix Multiplication****	 Number of cores:            68	Time to create matrix:    0.919 s.	Triple do-loop with threads:    0.022 s.	Matmul(a,b):    0.000 s.	DGEMM:    0.199 s.	DGEMM AVG:    0.199 s.	
 ****Parallel Matrix Multiplication****	 Number of cores:            72	Time to create matrix:    0.919 s.	Triple do-loop with threads:    0.023 s.	Matmul(a,b):    0.000 s.	DGEMM:    0.217 s.	DGEMM AVG:    0.217 s.	
 ****Parallel Matrix Multiplication****	 Number of cores:            76	Time to create matrix:    0.894 s.	Triple do-loop with threads:    0.022 s.	Matmul(a,b):    0.000 s.	DGEMM:    0.219 s.	DGEMM AVG:    0.219 s.	
 ****Parallel Matrix Multiplication****	 Number of cores:            80	Time to create matrix:    0.892 s.	Triple do-loop with threads:    0.020 s.	Matmul(a,b):    0.000 s.	DGEMM:    0.155 s.	DGEMM AVG:    0.155 s.	
 ****Parallel Matrix Multiplication****	 Number of cores:            84	Time to create matrix:    0.922 s.	Triple do-loop with threads:    0.022 s.	Matmul(a,b):    0.000 s.	DGEMM:    0.209 s.	DGEMM AVG:    0.209 s.	
 ****Parallel Matrix Multiplication****	 Number of cores:            88	Time to create matrix:    0.923 s.	Triple do-loop with threads:    0.023 s.	Matmul(a,b):    0.000 s.	DGEMM:    0.214 s.	DGEMM AVG:    0.214 s.	
 ****Parallel Matrix Multiplication****	 Number of cores:            92	Time to create matrix:    0.899 s.	Triple do-loop with threads:    0.021 s.	Matmul(a,b):    0.000 s.	DGEMM:    0.214 s.	DGEMM AVG:    0.214 s.	
 ****Parallel Matrix Multiplication****	 Number of cores:            96	Time to create matrix:    0.905 s.	Triple do-loop with threads:    0.022 s.	Matmul(a,b):    0.000 s.	DGEMM:    0.195 s.	DGEMM AVG:    0.195 s.	
 ****Parallel Matrix Multiplication****	 Number of cores:           100	Time to create matrix:    0.893 s.	Triple do-loop with threads:    0.020 s.	Matmul(a,b):    0.000 s.	DGEMM:    0.209 s.	DGEMM AVG:    0.209 s.	
 ****Parallel Matrix Multiplication****	 Number of cores:           104	Time to create matrix:    0.898 s.	Triple do-loop with threads:    0.021 s.	Matmul(a,b):    0.000 s.	DGEMM:    0.242 s.	DGEMM AVG:    0.242 s.	
 ****Parallel Matrix Multiplication****	 Number of cores:           108	Time to create matrix:    0.894 s.	Triple do-loop with threads:    0.022 s.	Matmul(a,b):    0.000 s.	DGEMM:    0.214 s.	DGEMM AVG:    0.214 s.	
 ****Parallel Matrix Multiplication****	 Number of cores:           112	Time to create matrix:    0.893 s.	Triple do-loop with threads:    0.022 s.	Matmul(a,b):    0.000 s.	DGEMM:    0.209 s.	DGEMM AVG:    0.209 s.	
 ****Parallel Matrix Multiplication****	 Number of cores:           116	Time to create matrix:    0.930 s.	Triple do-loop with threads:    0.021 s.	Matmul(a,b):    0.000 s.	DGEMM:    0.206 s.	DGEMM AVG:    0.206 s.	
 ****Parallel Matrix Multiplication****	 Number of cores:           120	Time to create matrix:    0.895 s.	Triple do-loop with threads:    0.022 s.	Matmul(a,b):    0.000 s.	DGEMM:    0.228 s.	DGEMM AVG:    0.228 s.	
 ****Parallel Matrix Multiplication****	 Number of cores:           124	Time to create matrix:    0.897 s.	Triple do-loop with threads:    0.022 s.	Matmul(a,b):    0.000 s.	DGEMM:    0.197 s.	DGEMM AVG:    0.197 s.	
 ****Parallel Matrix Multiplication****	 Number of cores:           128	Time to create matrix:    0.916 s.	Triple do-loop with threads:    0.022 s.	Matmul(a,b):    0.000 s.	DGEMM:    0.201 s.	DGEMM AVG:    0.201 s.	
=== OpenBLAS ===
 ****Parallel Matrix Multiplication****	 Number of cores:             1	Time to create matrix:    0.949 s.	Triple do-loop with threads:    0.022 s.	Matmul(a,b):    0.000 s.	DGEMM:    0.712 s.	DGEMM AVG:    0.712 s.	
 ****Parallel Matrix Multiplication****	 Number of cores:             2	Time to create matrix:    0.972 s.	Triple do-loop with threads:    0.022 s.	Matmul(a,b):    0.000 s.	DGEMM:    0.370 s.	DGEMM AVG:    0.370 s.	
 ****Parallel Matrix Multiplication****	 Number of cores:             3	Time to create matrix:    1.188 s.	Triple do-loop with threads:    0.022 s.	Matmul(a,b):    0.000 s.	DGEMM:    0.259 s.	DGEMM AVG:    0.259 s.	
 ****Parallel Matrix Multiplication****	 Number of cores:             4	Time to create matrix:    0.886 s.	Triple do-loop with threads:    0.021 s.	Matmul(a,b):    0.000 s.	DGEMM:    0.201 s.	DGEMM AVG:    0.201 s.	
 ****Parallel Matrix Multiplication****	 Number of cores:             5	Time to create matrix:    0.986 s.	Triple do-loop with threads:    0.021 s.	Matmul(a,b):    0.000 s.	DGEMM:    0.165 s.	DGEMM AVG:    0.165 s.	
 ****Parallel Matrix Multiplication****	 Number of cores:             6	Time to create matrix:    0.927 s.	Triple do-loop with threads:    0.023 s.	Matmul(a,b):    0.000 s.	DGEMM:    0.149 s.	DGEMM AVG:    0.149 s.	
 ****Parallel Matrix Multiplication****	 Number of cores:             7	Time to create matrix:    0.887 s.	Triple do-loop with threads:    0.021 s.	Matmul(a,b):    0.000 s.	DGEMM:    0.134 s.	DGEMM AVG:    0.134 s.	
 ****Parallel Matrix Multiplication****	 Number of cores:             8	Time to create matrix:    0.887 s.	Triple do-loop with threads:    0.022 s.	Matmul(a,b):    0.000 s.	DGEMM:    0.118 s.	DGEMM AVG:    0.118 s.	
 ****Parallel Matrix Multiplication****	 Number of cores:             9	Time to create matrix:    1.159 s.	Triple do-loop with threads:    0.021 s.	Matmul(a,b):    0.000 s.	DGEMM:    0.116 s.	DGEMM AVG:    0.116 s.	
 ****Parallel Matrix Multiplication****	 Number of cores:            10	Time to create matrix:    0.886 s.	Triple do-loop with threads:    0.021 s.	Matmul(a,b):    0.000 s.	DGEMM:    0.176 s.	DGEMM AVG:    0.176 s.	
 ****Parallel Matrix Multiplication****	 Number of cores:            11	Time to create matrix:    0.901 s.	Triple do-loop with threads:    0.021 s.	Matmul(a,b):    0.000 s.	DGEMM:    0.105 s.	DGEMM AVG:    0.105 s.	
 ****Parallel Matrix Multiplication****	 Number of cores:            12	Time to create matrix:    0.889 s.	Triple do-loop with threads:    0.021 s.	Matmul(a,b):    0.000 s.	DGEMM:    0.100 s.	DGEMM AVG:    0.100 s.	
 ****Parallel Matrix Multiplication****	 Number of cores:            13	Time to create matrix:    0.887 s.	Triple do-loop with threads:    0.021 s.	Matmul(a,b):    0.000 s.	DGEMM:    0.150 s.	DGEMM AVG:    0.150 s.	
 ****Parallel Matrix Multiplication****	 Number of cores:            14	Time to create matrix:    0.889 s.	Triple do-loop with threads:    0.021 s.	Matmul(a,b):    0.000 s.	DGEMM:    0.150 s.	DGEMM AVG:    0.150 s.	
 ****Parallel Matrix Multiplication****	 Number of cores:            15	Time to create matrix:    1.177 s.	Triple do-loop with threads:    0.021 s.	Matmul(a,b):    0.000 s.	DGEMM:    0.137 s.	DGEMM AVG:    0.137 s.	
 ****Parallel Matrix Multiplication****	 Number of cores:            16	Time to create matrix:    1.185 s.	Triple do-loop with threads:    0.021 s.	Matmul(a,b):    0.000 s.	DGEMM:    0.229 s.	DGEMM AVG:    0.229 s.	
 ****Parallel Matrix Multiplication****	 Number of cores:            18	Time to create matrix:    0.887 s.	Triple do-loop with threads:    0.021 s.	Matmul(a,b):    0.000 s.	DGEMM:    0.127 s.	DGEMM AVG:    0.127 s.	
 ****Parallel Matrix Multiplication****	 Number of cores:            20	Time to create matrix:    1.175 s.	Triple do-loop with threads:    0.021 s.	Matmul(a,b):    0.000 s.	DGEMM:    0.186 s.	DGEMM AVG:    0.186 s.	
 ****Parallel Matrix Multiplication****	 Number of cores:            22	Time to create matrix:    1.088 s.	Triple do-loop with threads:    0.021 s.	Matmul(a,b):    0.000 s.	DGEMM:    0.180 s.	DGEMM AVG:    0.180 s.	
 ****Parallel Matrix Multiplication****	 Number of cores:            24	Time to create matrix:    0.926 s.	Triple do-loop with threads:    0.023 s.	Matmul(a,b):    0.000 s.	DGEMM:    0.167 s.	DGEMM AVG:    0.167 s.	
 ****Parallel Matrix Multiplication****	 Number of cores:            26	Time to create matrix:    0.886 s.	Triple do-loop with threads:    0.021 s.	Matmul(a,b):    0.000 s.	DGEMM:    0.162 s.	DGEMM AVG:    0.162 s.	
 ****Parallel Matrix Multiplication****	 Number of cores:            28	Time to create matrix:    1.182 s.	Triple do-loop with threads:    0.021 s.	Matmul(a,b):    0.000 s.	DGEMM:    0.154 s.	DGEMM AVG:    0.154 s.	
 ****Parallel Matrix Multiplication****	 Number of cores:            30	Time to create matrix:    1.191 s.	Triple do-loop with threads:    0.021 s.	Matmul(a,b):    0.000 s.	DGEMM:    0.150 s.	DGEMM AVG:    0.150 s.	
 ****Parallel Matrix Multiplication****	 Number of cores:            32	Time to create matrix:    1.186 s.	Triple do-loop with threads:    0.021 s.	Matmul(a,b):    0.000 s.	DGEMM:    0.153 s.	DGEMM AVG:    0.153 s.	
 ****Parallel Matrix Multiplication****	 Number of cores:            36	Time to create matrix:    0.887 s.	Triple do-loop with threads:    0.021 s.	Matmul(a,b):    0.000 s.	DGEMM:    0.205 s.	DGEMM AVG:    0.205 s.	
 ****Parallel Matrix Multiplication****	 Number of cores:            40	Time to create matrix:    0.931 s.	Triple do-loop with threads:    0.022 s.	Matmul(a,b):    0.000 s.	DGEMM:    0.196 s.	DGEMM AVG:    0.196 s.	
 ****Parallel Matrix Multiplication****	 Number of cores:            44	Time to create matrix:    0.926 s.	Triple do-loop with threads:    0.021 s.	Matmul(a,b):    0.000 s.	DGEMM:    0.160 s.	DGEMM AVG:    0.160 s.	
 ****Parallel Matrix Multiplication****	 Number of cores:            48	Time to create matrix:    1.031 s.	Triple do-loop with threads:    0.021 s.	Matmul(a,b):    0.000 s.	DGEMM:    0.342 s.	DGEMM AVG:    0.342 s.	
 ****Parallel Matrix Multiplication****	 Number of cores:            52	Time to create matrix:    1.193 s.	Triple do-loop with threads:    0.022 s.	Matmul(a,b):    0.000 s.	DGEMM:    0.305 s.	DGEMM AVG:    0.305 s.	
 ****Parallel Matrix Multiplication****	 Number of cores:            56	Time to create matrix:    1.188 s.	Triple do-loop with threads:    0.022 s.	Matmul(a,b):    0.000 s.	DGEMM:    0.204 s.	DGEMM AVG:    0.204 s.	
 ****Parallel Matrix Multiplication****	 Number of cores:            60	Time to create matrix:    0.927 s.	Triple do-loop with threads:    0.023 s.	Matmul(a,b):    0.000 s.	DGEMM:    0.269 s.	DGEMM AVG:    0.269 s.	
 ****Parallel Matrix Multiplication****	 Number of cores:            64	Time to create matrix:    1.189 s.	Triple do-loop with threads:    0.021 s.	Matmul(a,b):    0.000 s.	DGEMM:    0.419 s.	DGEMM AVG:    0.419 s.	
 ****Parallel Matrix Multiplication****	 Number of cores:            68	Time to create matrix:    1.192 s.	Triple do-loop with threads:    0.021 s.	Matmul(a,b):    0.000 s.	DGEMM:    0.287 s.	DGEMM AVG:    0.287 s.	
 ****Parallel Matrix Multiplication****	 Number of cores:            72	Time to create matrix:    0.887 s.	Triple do-loop with threads:    0.022 s.	Matmul(a,b):    0.000 s.	DGEMM:    0.417 s.	DGEMM AVG:    0.417 s.	
 ****Parallel Matrix Multiplication****	 Number of cores:            76	Time to create matrix:    1.189 s.	Triple do-loop with threads:    0.021 s.	Matmul(a,b):    0.000 s.	DGEMM:    0.383 s.	DGEMM AVG:    0.383 s.	
 ****Parallel Matrix Multiplication****	 Number of cores:            80	Time to create matrix:    0.948 s.	Triple do-loop with threads:    0.022 s.	Matmul(a,b):    0.000 s.	DGEMM:    0.412 s.	DGEMM AVG:    0.412 s.	
 ****Parallel Matrix Multiplication****	 Number of cores:            84	Time to create matrix:    0.932 s.	Triple do-loop with threads:    0.023 s.	Matmul(a,b):    0.000 s.	DGEMM:    0.371 s.	DGEMM AVG:    0.371 s.	
 ****Parallel Matrix Multiplication****	 Number of cores:            88	Time to create matrix:    1.007 s.	Triple do-loop with threads:    0.021 s.	Matmul(a,b):    0.000 s.	DGEMM:    0.307 s.	DGEMM AVG:    0.307 s.	
 ****Parallel Matrix Multiplication****	 Number of cores:            92	Time to create matrix:    0.892 s.	Triple do-loop with threads:    0.021 s.	Matmul(a,b):    0.000 s.	DGEMM:    0.373 s.	DGEMM AVG:    0.373 s.	
 ****Parallel Matrix Multiplication****	 Number of cores:            96	Time to create matrix:    1.187 s.	Triple do-loop with threads:    0.023 s.	Matmul(a,b):    0.000 s.	DGEMM:    0.479 s.	DGEMM AVG:    0.479 s.	
 ****Parallel Matrix Multiplication****	 Number of cores:           100	Time to create matrix:    1.188 s.	Triple do-loop with threads:    0.021 s.	Matmul(a,b):    0.000 s.	DGEMM:    0.403 s.	DGEMM AVG:    0.403 s.	
 ****Parallel Matrix Multiplication****	 Number of cores:           104	Time to create matrix:    0.884 s.	Triple do-loop with threads:    0.021 s.	Matmul(a,b):    0.000 s.	DGEMM:    0.433 s.	DGEMM AVG:    0.433 s.	
 ****Parallel Matrix Multiplication****	 Number of cores:           108	Time to create matrix:    1.188 s.	Triple do-loop with threads:    0.021 s.	Matmul(a,b):    0.000 s.	DGEMM:    0.518 s.	DGEMM AVG:    0.518 s.	
 ****Parallel Matrix Multiplication****	 Number of cores:           112	Time to create matrix:    1.195 s.	Triple do-loop with threads:    0.022 s.	Matmul(a,b):    0.000 s.	DGEMM:    0.383 s.	DGEMM AVG:    0.383 s.	
 ****Parallel Matrix Multiplication****	 Number of cores:           116	Time to create matrix:    1.183 s.	Triple do-loop with threads:    0.022 s.	Matmul(a,b):    0.000 s.	DGEMM:    0.455 s.	DGEMM AVG:    0.455 s.	
 ****Parallel Matrix Multiplication****	 Number of cores:           120	Time to create matrix:    0.887 s.	Triple do-loop with threads:    0.021 s.	Matmul(a,b):    0.000 s.	DGEMM:    0.431 s.	DGEMM AVG:    0.431 s.	
 ****Parallel Matrix Multiplication****	 Number of cores:           124	Time to create matrix:    0.928 s.	Triple do-loop with threads:    0.023 s.	Matmul(a,b):    0.000 s.	DGEMM:    0.454 s.	DGEMM AVG:    0.454 s.	
 ****Parallel Matrix Multiplication****	 Number of cores:           128	Time to create matrix:    0.893 s.	Triple do-loop with threads:    0.021 s.	Matmul(a,b):    0.000 s.	DGEMM:    0.632 s.	DGEMM AVG:    0.632 s.	
