#!/bin/bash
#SBATCH --nodes=1               # number of nodes
#SBATCH --ntasks-per-node=4     # number of tasks per node
#SBATCH --ntasks-per-socket=2   # number of tasks per socket
#SBATCH --cpus-per-task=32       # number of HW threads per task (equal to OMP_NUM_THREADS*4)
#SBATCH --mem=230000MB
#SBATCH --time 01:00:00         # format: HH:MM:SS
#SBATCH -A cin_preM100 
#SBATCH -p system

cat run_me.sh

module load profile/global pgi/19.10--binary gnu/8.4.0 fftw/3.3.8--gnu--8.4.0 cuda/10.1


# PGI + Internal Blas
mpif90 -mp test.f90 -lblas -o pgi_blas.x

for i in {1..16} {18..32..2} {36..128..4}
do
    export OMP_NUM_THREADS=$i
    mpirun --map-by socket:PE=8 --rank-by core  ./pgi_blas.x 2000 2000  | tr '\n' '\t'
    echo
done 

echo '=== OpenBLAS ==='
mpif90 -mp test.f90 -o pgi_openblas.x -L./openblas/lib -lopenblas
export LD_LIBRARY_PATH=$LD_LIBRARY_PATH:`pwd`/openblas/lib

for i in {1..16} {18..32..2} {36..128..4}
do
    export OMP_NUM_THREADS=$i
    mpirun --map-by socket:PE=8 --rank-by core ./pgi_openblas.x 2000 2000  | tr '\n' '\t'
    echo
done 

 ****Parallel Matrix Multiplication****	 Number of cores:             1	Time to create matrix:    1.188 s.	Triple do-loop with threads:    0.021 s.	Matmul(a,b):    0.000 s.	DGEMM:    0.933 s.	DGEMM AVG:    0.932 s.	
 ****Parallel Matrix Multiplication****	 Number of cores:             2	Time to create matrix:    0.920 s.	Triple do-loop with threads:    0.022 s.	Matmul(a,b):    0.000 s.	DGEMM:    0.477 s.	DGEMM AVG:    0.480 s.	
 ****Parallel Matrix Multiplication****	 Number of cores:             3	Time to create matrix:    1.134 s.	Triple do-loop with threads:    0.021 s.	Matmul(a,b):    0.000 s.	DGEMM:    0.333 s.	DGEMM AVG:    0.340 s.	
 ****Parallel Matrix Multiplication****	 Number of cores:             4	Time to create matrix:    1.194 s.	Triple do-loop with threads:    0.021 s.	Matmul(a,b):    0.000 s.	DGEMM:    0.275 s.	DGEMM AVG:    0.342 s.	
 ****Parallel Matrix Multiplication****	 Number of cores:             5	Time to create matrix:    1.192 s.	Triple do-loop with threads:    0.021 s.	Matmul(a,b):    0.000 s.	DGEMM:    0.342 s.	DGEMM AVG:    0.294 s.	
 ****Parallel Matrix Multiplication****	 Number of cores:             6	Time to create matrix:    1.139 s.	Triple do-loop with threads:    0.022 s.	Matmul(a,b):    0.000 s.	DGEMM:    0.306 s.	DGEMM AVG:    0.327 s.	
 ****Parallel Matrix Multiplication****	 Number of cores:             7	Time to create matrix:    0.916 s.	Triple do-loop with threads:    0.023 s.	Matmul(a,b):    0.000 s.	DGEMM:    0.345 s.	DGEMM AVG:    0.294 s.	
 ****Parallel Matrix Multiplication****	 Number of cores:             8	Time to create matrix:    1.193 s.	Triple do-loop with threads:    0.022 s.	Matmul(a,b):    0.000 s.	DGEMM:    0.299 s.	DGEMM AVG:    0.374 s.	
 ****Parallel Matrix Multiplication****	 Number of cores:             9	Time to create matrix:    1.181 s.	Triple do-loop with threads:    0.021 s.	Matmul(a,b):    0.000 s.	DGEMM:    0.231 s.	DGEMM AVG:    0.310 s.	
 ****Parallel Matrix Multiplication****	 Number of cores:            10	Time to create matrix:    1.199 s.	Triple do-loop with threads:    0.021 s.	Matmul(a,b):    0.000 s.	DGEMM:    0.220 s.	DGEMM AVG:    0.333 s.	
 ****Parallel Matrix Multiplication****	 Number of cores:            11	Time to create matrix:    1.189 s.	Triple do-loop with threads:    0.022 s.	Matmul(a,b):    0.000 s.	DGEMM:    0.342 s.	DGEMM AVG:    0.330 s.	
 ****Parallel Matrix Multiplication****	 Number of cores:            12	Time to create matrix:    1.193 s.	Triple do-loop with threads:    0.021 s.	Matmul(a,b):    0.000 s.	DGEMM:    0.213 s.	DGEMM AVG:    0.315 s.	
 ****Parallel Matrix Multiplication****	 Number of cores:            13	Time to create matrix:    1.189 s.	Triple do-loop with threads:    0.022 s.	Matmul(a,b):    0.000 s.	DGEMM:    0.311 s.	DGEMM AVG:    0.330 s.	
 ****Parallel Matrix Multiplication****	 Number of cores:            14	Time to create matrix:    0.914 s.	Triple do-loop with threads:    0.022 s.	Matmul(a,b):    0.000 s.	DGEMM:    0.303 s.	DGEMM AVG:    0.324 s.	
 ****Parallel Matrix Multiplication****	 Number of cores:            15	Time to create matrix:    1.192 s.	Triple do-loop with threads:    0.022 s.	Matmul(a,b):    0.000 s.	DGEMM:    0.284 s.	DGEMM AVG:    0.307 s.	
 ****Parallel Matrix Multiplication****	 Number of cores:            16	Time to create matrix:    1.195 s.	Triple do-loop with threads:    0.022 s.	Matmul(a,b):    0.000 s.	DGEMM:    0.295 s.	DGEMM AVG:    0.294 s.	
 ****Parallel Matrix Multiplication****	 Number of cores:            18	Time to create matrix:    0.914 s.	Triple do-loop with threads:    0.022 s.	Matmul(a,b):    0.000 s.	DGEMM:    0.267 s.	DGEMM AVG:    0.272 s.	
 ****Parallel Matrix Multiplication****	 Number of cores:            20	Time to create matrix:    1.188 s.	Triple do-loop with threads:    0.021 s.	Matmul(a,b):    0.000 s.	DGEMM:    0.242 s.	DGEMM AVG:    0.271 s.	
 ****Parallel Matrix Multiplication****	 Number of cores:            22	Time to create matrix:    1.191 s.	Triple do-loop with threads:    0.021 s.	Matmul(a,b):    0.000 s.	DGEMM:    0.241 s.	DGEMM AVG:    0.262 s.	
 ****Parallel Matrix Multiplication****	 Number of cores:            24	Time to create matrix:    0.922 s.	Triple do-loop with threads:    0.022 s.	Matmul(a,b):    0.000 s.	DGEMM:    0.315 s.	DGEMM AVG:    0.261 s.	
 ****Parallel Matrix Multiplication****	 Number of cores:            26	Time to create matrix:    1.196 s.	Triple do-loop with threads:    0.021 s.	Matmul(a,b):    0.000 s.	DGEMM:    0.219 s.	DGEMM AVG:    0.254 s.	
 ****Parallel Matrix Multiplication****	 Number of cores:            28	Time to create matrix:    0.918 s.	Triple do-loop with threads:    0.021 s.	Matmul(a,b):    0.000 s.	DGEMM:    0.261 s.	DGEMM AVG:    0.254 s.	
 ****Parallel Matrix Multiplication****	 Number of cores:            30	Time to create matrix:    0.918 s.	Triple do-loop with threads:    0.022 s.	Matmul(a,b):    0.000 s.	DGEMM:    0.204 s.	DGEMM AVG:    0.246 s.	
 ****Parallel Matrix Multiplication****	 Number of cores:            32	Time to create matrix:    1.164 s.	Triple do-loop with threads:    0.022 s.	Matmul(a,b):    0.000 s.	DGEMM:    0.221 s.	DGEMM AVG:    0.267 s.	
 ****Parallel Matrix Multiplication****	 Number of cores:            36	Time to create matrix:    0.926 s.	Triple do-loop with threads:    0.021 s.	Matmul(a,b):    0.000 s.	DGEMM:    0.258 s.	DGEMM AVG:    0.248 s.	
 ****Parallel Matrix Multiplication****	 Number of cores:            40	Time to create matrix:    0.962 s.	Triple do-loop with threads:    0.021 s.	Matmul(a,b):    0.000 s.	DGEMM:    0.303 s.	DGEMM AVG:    0.309 s.	
 ****Parallel Matrix Multiplication****	 Number of cores:            44	Time to create matrix:    1.142 s.	Triple do-loop with threads:    0.021 s.	Matmul(a,b):    0.000 s.	DGEMM:    0.332 s.	DGEMM AVG:    0.289 s.	
 ****Parallel Matrix Multiplication****	 Number of cores:            48	Time to create matrix:    1.189 s.	Triple do-loop with threads:    0.022 s.	Matmul(a,b):    0.000 s.	DGEMM:    0.331 s.	DGEMM AVG:    0.307 s.	
 ****Parallel Matrix Multiplication****	 Number of cores:            52	Time to create matrix:    1.206 s.	Triple do-loop with threads:    0.021 s.	Matmul(a,b):    0.000 s.	DGEMM:    0.281 s.	DGEMM AVG:    0.310 s.	
 ****Parallel Matrix Multiplication****	 Number of cores:            56	Time to create matrix:    1.088 s.	Triple do-loop with threads:    0.022 s.	Matmul(a,b):    0.000 s.	DGEMM:    0.299 s.	DGEMM AVG:    0.282 s.	
 ****Parallel Matrix Multiplication****	 Number of cores:            60	Time to create matrix:    0.926 s.	Triple do-loop with threads:    0.022 s.	Matmul(a,b):    0.000 s.	DGEMM:    0.316 s.	DGEMM AVG:    0.300 s.	
 ****Parallel Matrix Multiplication****	 Number of cores:            64	Time to create matrix:    1.196 s.	Triple do-loop with threads:    0.022 s.	Matmul(a,b):    0.000 s.	DGEMM:    0.292 s.	DGEMM AVG:    0.327 s.	
 ****Parallel Matrix Multiplication****	 Number of cores:            68	Time to create matrix:    1.191 s.	Triple do-loop with threads:    0.022 s.	Matmul(a,b):    0.000 s.	DGEMM:    0.314 s.	DGEMM AVG:    0.340 s.	
 ****Parallel Matrix Multiplication****	 Number of cores:            72	Time to create matrix:    1.188 s.	Triple do-loop with threads:    0.022 s.	Matmul(a,b):    0.000 s.	DGEMM:    0.367 s.	DGEMM AVG:    0.341 s.	
 ****Parallel Matrix Multiplication****	 Number of cores:            76	Time to create matrix:    0.899 s.	Triple do-loop with threads:    0.021 s.	Matmul(a,b):    0.000 s.	DGEMM:    0.369 s.	DGEMM AVG:    0.341 s.	
 ****Parallel Matrix Multiplication****	 Number of cores:            80	Time to create matrix:    1.194 s.	Triple do-loop with threads:    0.021 s.	Matmul(a,b):    0.000 s.	DGEMM:    0.374 s.	DGEMM AVG:    0.368 s.	
 ****Parallel Matrix Multiplication****	 Number of cores:            84	Time to create matrix:    1.195 s.	Triple do-loop with threads:    0.022 s.	Matmul(a,b):    0.000 s.	DGEMM:    0.401 s.	DGEMM AVG:    0.388 s.	
 ****Parallel Matrix Multiplication****	 Number of cores:            88	Time to create matrix:    1.210 s.	Triple do-loop with threads:    0.022 s.	Matmul(a,b):    0.000 s.	DGEMM:    0.335 s.	DGEMM AVG:    0.341 s.	
 ****Parallel Matrix Multiplication****	 Number of cores:            92	Time to create matrix:    1.199 s.	Triple do-loop with threads:    0.022 s.	Matmul(a,b):    0.000 s.	DGEMM:    0.334 s.	DGEMM AVG:    0.393 s.	
 ****Parallel Matrix Multiplication****	 Number of cores:            96	Time to create matrix:    0.917 s.	Triple do-loop with threads:    0.022 s.	Matmul(a,b):    0.000 s.	DGEMM:    0.435 s.	DGEMM AVG:    0.420 s.	
 ****Parallel Matrix Multiplication****	 Number of cores:           100	Time to create matrix:    0.973 s.	Triple do-loop with threads:    0.022 s.	Matmul(a,b):    0.000 s.	DGEMM:    0.366 s.	DGEMM AVG:    0.391 s.	
 ****Parallel Matrix Multiplication****	 Number of cores:           104	Time to create matrix:    1.437 s.	Triple do-loop with threads:    0.024 s.	Matmul(a,b):    0.000 s.	DGEMM:    0.435 s.	DGEMM AVG:    0.424 s.	
 ****Parallel Matrix Multiplication****	 Number of cores:           108	Time to create matrix:    1.205 s.	Triple do-loop with threads:    0.021 s.	Matmul(a,b):    0.000 s.	DGEMM:    0.485 s.	DGEMM AVG:    0.409 s.	
 ****Parallel Matrix Multiplication****	 Number of cores:           112	Time to create matrix:    1.196 s.	Triple do-loop with threads:    0.023 s.	Matmul(a,b):    0.000 s.	DGEMM:    0.466 s.	DGEMM AVG:    0.436 s.	
 ****Parallel Matrix Multiplication****	 Number of cores:           116	Time to create matrix:    1.198 s.	Triple do-loop with threads:    0.022 s.	Matmul(a,b):    0.000 s.	DGEMM:    0.375 s.	DGEMM AVG:    0.407 s.	
 ****Parallel Matrix Multiplication****	 Number of cores:           120	Time to create matrix:    1.201 s.	Triple do-loop with threads:    0.022 s.	Matmul(a,b):    0.000 s.	DGEMM:    0.454 s.	DGEMM AVG:    0.411 s.	
 ****Parallel Matrix Multiplication****	 Number of cores:           124	Time to create matrix:    1.193 s.	Triple do-loop with threads:    0.021 s.	Matmul(a,b):    0.000 s.	DGEMM:    0.520 s.	DGEMM AVG:    0.491 s.	
 ****Parallel Matrix Multiplication****	 Number of cores:           128	Time to create matrix:    0.893 s.	Triple do-loop with threads:    0.022 s.	Matmul(a,b):    0.000 s.	DGEMM:    0.396 s.	DGEMM AVG:    0.439 s.	
=== OpenBLAS ===
 ****Parallel Matrix Multiplication****	 Number of cores:             1	Time to create matrix:    0.887 s.	Triple do-loop with threads:    0.022 s.	Matmul(a,b):    0.000 s.	DGEMM:    0.743 s.	DGEMM AVG:    0.722 s.	
 ****Parallel Matrix Multiplication****	 Number of cores:             2	Time to create matrix:    1.028 s.	Triple do-loop with threads:    0.021 s.	Matmul(a,b):    0.000 s.	DGEMM:    0.394 s.	DGEMM AVG:    0.379 s.	
 ****Parallel Matrix Multiplication****	 Number of cores:             3	Time to create matrix:    0.977 s.	Triple do-loop with threads:    0.021 s.	Matmul(a,b):    0.000 s.	DGEMM:    0.265 s.	DGEMM AVG:    0.263 s.	
 ****Parallel Matrix Multiplication****	 Number of cores:             4	Time to create matrix:    0.927 s.	Triple do-loop with threads:    0.023 s.	Matmul(a,b):    0.000 s.	DGEMM:    0.200 s.	DGEMM AVG:    0.214 s.	
 ****Parallel Matrix Multiplication****	 Number of cores:             5	Time to create matrix:    0.892 s.	Triple do-loop with threads:    0.022 s.	Matmul(a,b):    0.000 s.	DGEMM:    0.181 s.	DGEMM AVG:    0.214 s.	
 ****Parallel Matrix Multiplication****	 Number of cores:             6	Time to create matrix:    1.184 s.	Triple do-loop with threads:    0.022 s.	Matmul(a,b):    0.000 s.	DGEMM:    0.165 s.	DGEMM AVG:    0.229 s.	
 ****Parallel Matrix Multiplication****	 Number of cores:             7	Time to create matrix:    1.170 s.	Triple do-loop with threads:    0.021 s.	Matmul(a,b):    0.000 s.	DGEMM:    0.150 s.	DGEMM AVG:    0.174 s.	
 ****Parallel Matrix Multiplication****	 Number of cores:             8	Time to create matrix:    1.190 s.	Triple do-loop with threads:    0.021 s.	Matmul(a,b):    0.000 s.	DGEMM:    0.198 s.	DGEMM AVG:    0.214 s.	
 ****Parallel Matrix Multiplication****	 Number of cores:             9	Time to create matrix:    1.192 s.	Triple do-loop with threads:    0.022 s.	Matmul(a,b):    0.000 s.	DGEMM:    0.357 s.	DGEMM AVG:    0.280 s.	
 ****Parallel Matrix Multiplication****	 Number of cores:            10	Time to create matrix:    1.194 s.	Triple do-loop with threads:    0.021 s.	Matmul(a,b):    0.000 s.	DGEMM:    0.184 s.	DGEMM AVG:    0.213 s.	
 ****Parallel Matrix Multiplication****	 Number of cores:            11	Time to create matrix:    1.196 s.	Triple do-loop with threads:    0.021 s.	Matmul(a,b):    0.000 s.	DGEMM:    0.191 s.	DGEMM AVG:    0.262 s.	
 ****Parallel Matrix Multiplication****	 Number of cores:            12	Time to create matrix:    1.122 s.	Triple do-loop with threads:    0.021 s.	Matmul(a,b):    0.000 s.	DGEMM:    0.170 s.	DGEMM AVG:    0.237 s.	
 ****Parallel Matrix Multiplication****	 Number of cores:            13	Time to create matrix:    1.010 s.	Triple do-loop with threads:    0.021 s.	Matmul(a,b):    0.000 s.	DGEMM:    0.148 s.	DGEMM AVG:    0.184 s.	
 ****Parallel Matrix Multiplication****	 Number of cores:            14	Time to create matrix:    0.938 s.	Triple do-loop with threads:    0.021 s.	Matmul(a,b):    0.000 s.	DGEMM:    0.250 s.	DGEMM AVG:    0.250 s.	
 ****Parallel Matrix Multiplication****	 Number of cores:            15	Time to create matrix:    1.184 s.	Triple do-loop with threads:    0.021 s.	Matmul(a,b):    0.000 s.	DGEMM:    0.250 s.	DGEMM AVG:    0.254 s.	
 ****Parallel Matrix Multiplication****	 Number of cores:            16	Time to create matrix:    0.935 s.	Triple do-loop with threads:    0.022 s.	Matmul(a,b):    0.000 s.	DGEMM:    0.221 s.	DGEMM AVG:    0.227 s.	
 ****Parallel Matrix Multiplication****	 Number of cores:            18	Time to create matrix:    1.186 s.	Triple do-loop with threads:    0.022 s.	Matmul(a,b):    0.000 s.	DGEMM:    0.214 s.	DGEMM AVG:    0.219 s.	
 ****Parallel Matrix Multiplication****	 Number of cores:            20	Time to create matrix:    1.187 s.	Triple do-loop with threads:    0.022 s.	Matmul(a,b):    0.000 s.	DGEMM:    0.199 s.	DGEMM AVG:    0.212 s.	
 ****Parallel Matrix Multiplication****	 Number of cores:            22	Time to create matrix:    1.201 s.	Triple do-loop with threads:    0.021 s.	Matmul(a,b):    0.000 s.	DGEMM:    0.183 s.	DGEMM AVG:    0.192 s.	
 ****Parallel Matrix Multiplication****	 Number of cores:            24	Time to create matrix:    1.185 s.	Triple do-loop with threads:    0.022 s.	Matmul(a,b):    0.000 s.	DGEMM:    0.176 s.	DGEMM AVG:    0.207 s.	
 ****Parallel Matrix Multiplication****	 Number of cores:            26	Time to create matrix:    1.189 s.	Triple do-loop with threads:    0.022 s.	Matmul(a,b):    0.000 s.	DGEMM:    0.202 s.	DGEMM AVG:    0.228 s.	
 ****Parallel Matrix Multiplication****	 Number of cores:            28	Time to create matrix:    1.180 s.	Triple do-loop with threads:    0.022 s.	Matmul(a,b):    0.000 s.	DGEMM:    0.281 s.	DGEMM AVG:    0.226 s.	
 ****Parallel Matrix Multiplication****	 Number of cores:            30	Time to create matrix:    0.891 s.	Triple do-loop with threads:    0.021 s.	Matmul(a,b):    0.000 s.	DGEMM:    0.316 s.	DGEMM AVG:    0.256 s.	
 ****Parallel Matrix Multiplication****	 Number of cores:            32	Time to create matrix:    0.959 s.	Triple do-loop with threads:    0.021 s.	Matmul(a,b):    0.000 s.	DGEMM:    0.393 s.	DGEMM AVG:    0.280 s.	
 ****Parallel Matrix Multiplication****	 Number of cores:            36	Time to create matrix:    0.930 s.	Triple do-loop with threads:    0.021 s.	Matmul(a,b):    0.000 s.	DGEMM:    0.333 s.	DGEMM AVG:    0.342 s.	
 ****Parallel Matrix Multiplication****	 Number of cores:            40	Time to create matrix:    1.120 s.	Triple do-loop with threads:    0.022 s.	Matmul(a,b):    0.000 s.	DGEMM:    0.341 s.	DGEMM AVG:    0.365 s.	
 ****Parallel Matrix Multiplication****	 Number of cores:            44	Time to create matrix:    1.114 s.	Triple do-loop with threads:    0.021 s.	Matmul(a,b):    0.000 s.	DGEMM:    0.534 s.	DGEMM AVG:    0.472 s.	
 ****Parallel Matrix Multiplication****	 Number of cores:            48	Time to create matrix:    1.194 s.	Triple do-loop with threads:    0.022 s.	Matmul(a,b):    0.000 s.	DGEMM:    0.468 s.	DGEMM AVG:    0.523 s.	
 ****Parallel Matrix Multiplication****	 Number of cores:            52	Time to create matrix:    1.195 s.	Triple do-loop with threads:    0.022 s.	Matmul(a,b):    0.000 s.	DGEMM:    0.627 s.	DGEMM AVG:    0.762 s.	
 ****Parallel Matrix Multiplication****	 Number of cores:            56	Time to create matrix:    1.185 s.	Triple do-loop with threads:    0.022 s.	Matmul(a,b):    0.000 s.	DGEMM:    0.519 s.	DGEMM AVG:    0.735 s.	
 ****Parallel Matrix Multiplication****	 Number of cores:            60	Time to create matrix:    1.188 s.	Triple do-loop with threads:    0.022 s.	Matmul(a,b):    0.000 s.	DGEMM:    0.762 s.	DGEMM AVG:    0.880 s.	
 ****Parallel Matrix Multiplication****	 Number of cores:            64	Time to create matrix:    1.196 s.	Triple do-loop with threads:    0.022 s.	Matmul(a,b):    0.000 s.	DGEMM:    1.157 s.	DGEMM AVG:    1.020 s.	
 ****Parallel Matrix Multiplication****	 Number of cores:            68	Time to create matrix:    1.193 s.	Triple do-loop with threads:    0.022 s.	Matmul(a,b):    0.000 s.	DGEMM:    1.041 s.	DGEMM AVG:    1.004 s.	
 ****Parallel Matrix Multiplication****	 Number of cores:            72	Time to create matrix:    1.134 s.	Triple do-loop with threads:    0.021 s.	Matmul(a,b):    0.000 s.	DGEMM:    1.733 s.	DGEMM AVG:    1.414 s.	
 ****Parallel Matrix Multiplication****	 Number of cores:            76	Time to create matrix:    1.191 s.	Triple do-loop with threads:    0.021 s.	Matmul(a,b):    0.000 s.	DGEMM:    1.495 s.	DGEMM AVG:    1.263 s.	
 ****Parallel Matrix Multiplication****	 Number of cores:            80	Time to create matrix:    1.194 s.	Triple do-loop with threads:    0.021 s.	Matmul(a,b):    0.000 s.	DGEMM:    1.631 s.	DGEMM AVG:    1.490 s.	
 ****Parallel Matrix Multiplication****	 Number of cores:            84	Time to create matrix:    1.192 s.	Triple do-loop with threads:    0.022 s.	Matmul(a,b):    0.000 s.	DGEMM:    1.943 s.	DGEMM AVG:    1.671 s.	
 ****Parallel Matrix Multiplication****	 Number of cores:            88	Time to create matrix:    1.127 s.	Triple do-loop with threads:    0.021 s.	Matmul(a,b):    0.000 s.	DGEMM:    1.181 s.	DGEMM AVG:    1.591 s.	
 ****Parallel Matrix Multiplication****	 Number of cores:            92	Time to create matrix:    1.189 s.	Triple do-loop with threads:    0.021 s.	Matmul(a,b):    0.000 s.	DGEMM:    1.547 s.	DGEMM AVG:    1.389 s.	
 ****Parallel Matrix Multiplication****	 Number of cores:            96	Time to create matrix:    1.188 s.	Triple do-loop with threads:    0.022 s.	Matmul(a,b):    0.000 s.	DGEMM:    1.593 s.	DGEMM AVG:    1.600 s.	
 ****Parallel Matrix Multiplication****	 Number of cores:           100	Time to create matrix:    1.183 s.	Triple do-loop with threads:    0.022 s.	Matmul(a,b):    0.000 s.	DGEMM:    1.838 s.	DGEMM AVG:    1.654 s.	
 ****Parallel Matrix Multiplication****	 Number of cores:           104	Time to create matrix:    1.134 s.	Triple do-loop with threads:    0.022 s.	Matmul(a,b):    0.000 s.	DGEMM:    1.869 s.	DGEMM AVG:    1.753 s.	
 ****Parallel Matrix Multiplication****	 Number of cores:           108	Time to create matrix:    1.117 s.	Triple do-loop with threads:    0.022 s.	Matmul(a,b):    0.000 s.	DGEMM:    1.977 s.	DGEMM AVG:    1.899 s.	
 ****Parallel Matrix Multiplication****	 Number of cores:           112	Time to create matrix:    1.184 s.	Triple do-loop with threads:    0.022 s.	Matmul(a,b):    0.000 s.	DGEMM:    2.019 s.	DGEMM AVG:    2.210 s.	
 ****Parallel Matrix Multiplication****	 Number of cores:           116	Time to create matrix:    1.136 s.	Triple do-loop with threads:    0.022 s.	Matmul(a,b):    0.000 s.	DGEMM:    2.338 s.	DGEMM AVG:    2.672 s.	
 ****Parallel Matrix Multiplication****	 Number of cores:           120	Time to create matrix:    1.195 s.	Triple do-loop with threads:    0.022 s.	Matmul(a,b):    0.000 s.	DGEMM:    2.514 s.	DGEMM AVG:    2.662 s.	
 ****Parallel Matrix Multiplication****	 Number of cores:           124	Time to create matrix:    0.961 s.	Triple do-loop with threads:    0.021 s.	Matmul(a,b):    0.000 s.	DGEMM:    1.932 s.	DGEMM AVG:    2.146 s.	
 ****Parallel Matrix Multiplication****	 Number of cores:           128	Time to create matrix:    0.986 s.	Triple do-loop with threads:    0.021 s.	Matmul(a,b):    0.000 s.	DGEMM:    1.838 s.	DGEMM AVG:    2.216 s.	
